ar vyuka/Library/Bee/Android/Prj/Mono2x/Gradle/launcher/build/intermediates/manifest_merge_blame_file/release/manifest-merger-blame-release-report.txt
1<?xml version="1.0" encoding="utf-8"?>
2<manifest xmlns:android="http://schemas.android.com/apk/res/android"
3    package="com.DefaultCompany.arvyuka"
4    android:installLocation="preferExternal"
5    android:versionCode="1"
6    android:versionName="0.1" >
7
8    <uses-sdk
9        android:minSdkVersion="24"
9-->src\main\AndroidManifest.xml
10        android:targetSdkVersion="30" />
10-->src\main\AndroidManifest.xml
11
12    <supports-screens
12-->src\main\AndroidManifest.xml:3:3-163
13        android:anyDensity="true"
13-->src\main\AndroidManifest.xml:3:135-160
14        android:largeScreens="true"
14-->src\main\AndroidManifest.xml:3:78-105
15        android:normalScreens="true"
15-->src\main\AndroidManifest.xml:3:49-77
16        android:smallScreens="true"
16-->src\main\AndroidManifest.xml:3:21-48
17        android:xlargeScreens="true" />
17-->src\main\AndroidManifest.xml:3:106-134
18
19    <uses-permission android:name="android.permission.RECORD_AUDIO" />
19-->[:unityLibrary] AndroidManifest.xml:11:5-71
19-->[:unityLibrary] AndroidManifest.xml:11:22-68
20    <uses-permission android:name="android.permission.INTERNET" />
20-->[:unityLibrary] AndroidManifest.xml:12:5-67
20-->[:unityLibrary] AndroidManifest.xml:12:22-64
21
22    <uses-feature android:glEsVersion="0x00030000" />
22-->[:unityLibrary] AndroidManifest.xml:14:5-54
22-->[:unityLibrary] AndroidManifest.xml:14:19-51
23    <uses-feature
23-->[:unityLibrary] AndroidManifest.xml:15:5-17:36
24        android:name="android.hardware.touchscreen"
24-->[:unityLibrary] AndroidManifest.xml:16:9-52
25        android:required="false" />
25-->[:unityLibrary] AndroidManifest.xml:17:9-33
26    <uses-feature
26-->[:unityLibrary] AndroidManifest.xml:18:5-20:36
27        android:name="android.hardware.touchscreen.multitouch"
27-->[:unityLibrary] AndroidManifest.xml:19:9-63
28        android:required="false" />
28-->[:unityLibrary] AndroidManifest.xml:20:9-33
29    <uses-feature
29-->[:unityLibrary] AndroidManifest.xml:21:5-23:36
30        android:name="android.hardware.touchscreen.multitouch.distinct"
30-->[:unityLibrary] AndroidManifest.xml:22:9-72
31        android:required="false" />
31-->[:unityLibrary] AndroidManifest.xml:23:9-33
32
33    <uses-permission android:name="android.permission.CAMERA" />
33-->[:unityLibrary] AndroidManifest.xml:25:5-65
33-->[:unityLibrary] AndroidManifest.xml:25:22-62
34
35    <uses-feature
35-->[:unityLibrary] AndroidManifest.xml:27:5-29:35
36        android:name="android.hardware.camera.ar"
36-->[:unityLibrary] AndroidManifest.xml:28:9-50
37        android:required="true" />
37-->[:unityLibrary] AndroidManifest.xml:29:9-32
38    <uses-feature
38-->[:unityLibrary] AndroidManifest.xml:30:5-32:35
39        android:name="com.google.ar.core.depth"
39-->[:unityLibrary] AndroidManifest.xml:31:9-48
40        android:required="true" />
40-->[:unityLibrary] AndroidManifest.xml:32:9-32
41
42    <queries>
42-->[:arcore_client:] AndroidManifest.xml:29:5-31:15
43        <package android:name="com.google.ar.core" />
43-->[:arcore_client:] AndroidManifest.xml:30:9-54
43-->[:arcore_client:] AndroidManifest.xml:30:18-51
44    </queries>
45
46    <application
46-->src\main\AndroidManifest.xml:4:3-83
47        android:configChanges="orientation|screenSize|locale"
47-->[:unityLibrary] AndroidManifest.xml:35:9-62
48        android:debuggable="false"
48-->[:unityLibrary] AndroidManifest.xml:36:9-35
49        android:extractNativeLibs="true"
49-->[:unityLibrary] AndroidManifest.xml:37:9-41
50        android:icon="@mipmap/app_icon"
50-->src\main\AndroidManifest.xml:4:49-80
51        android:label="@string/app_name"
51-->src\main\AndroidManifest.xml:4:16-48
52        android:theme="@style/UnityThemeSelector" >
52-->[:unityLibrary] AndroidManifest.xml:40:9-50
53        <activity
53-->[:unityLibrary] AndroidManifest.xml:41:9-54:20
54            android:name="com.starseed.speechtotext.MainActivity"
54-->[:unityLibrary] AndroidManifest.xml:42:13-66
55            android:configChanges="keyboard|keyboardHidden|orientation|screenLayout|uiMode|screenSize|smallestScreenSize"
55-->[:unityLibrary] AndroidManifest.xml:43:13-122
56            android:label="@string/app_name" >
56-->[:unityLibrary] AndroidManifest.xml:44:13-45
57            <intent-filter>
57-->[:unityLibrary] AndroidManifest.xml:45:13-49:29
58                <action android:name="android.intent.action.MAIN" />
58-->[:unityLibrary] AndroidManifest.xml:46:17-69
58-->[:unityLibrary] AndroidManifest.xml:46:25-66
59
60                <category android:name="android.intent.category.LAUNCHER" />
60-->[:unityLibrary] AndroidManifest.xml:48:17-77
60-->[:unityLibrary] AndroidManifest.xml:48:27-74
61            </intent-filter>
62
63            <meta-data
63-->[:unityLibrary] AndroidManifest.xml:51:13-53:40
64                android:name="android.notch_support"
64-->[:unityLibrary] AndroidManifest.xml:52:17-53
65                android:value="true" />
65-->[:unityLibrary] AndroidManifest.xml:53:17-37
66        </activity>
67
68        <meta-data
68-->[:unityLibrary] AndroidManifest.xml:56:9-58:33
69            android:name="unity.splash-mode"
69-->[:unityLibrary] AndroidManifest.xml:57:13-45
70            android:value="0" />
70-->[:unityLibrary] AndroidManifest.xml:58:13-30
71        <meta-data
71-->[:unityLibrary] AndroidManifest.xml:59:9-61:36
72            android:name="unity.splash-enable"
72-->[:unityLibrary] AndroidManifest.xml:60:13-47
73            android:value="True" />
73-->[:unityLibrary] AndroidManifest.xml:61:13-33
74        <meta-data
74-->[:unityLibrary] AndroidManifest.xml:62:9-64:36
75            android:name="unity.launch-fullscreen"
75-->[:unityLibrary] AndroidManifest.xml:63:13-51
76            android:value="True" />
76-->[:unityLibrary] AndroidManifest.xml:64:13-33
77        <meta-data
77-->[:unityLibrary] AndroidManifest.xml:65:9-67:37
78            android:name="unity.allow-resizable-window"
78-->[:unityLibrary] AndroidManifest.xml:66:13-56
79            android:value="False" />
79-->[:unityLibrary] AndroidManifest.xml:67:13-34
80        <meta-data
80-->[:unityLibrary] AndroidManifest.xml:68:9-70:50
81            android:name="notch.config"
81-->[:unityLibrary] AndroidManifest.xml:69:13-40
82            android:value="portrait|landscape" />
82-->[:unityLibrary] AndroidManifest.xml:70:13-47
83        <meta-data
83-->[:unityLibrary] AndroidManifest.xml:71:9-73:36
84            android:name="unityplayer.SkipPermissionsDialog"
84-->[:unityLibrary] AndroidManifest.xml:72:13-61
85            android:value="true" />
85-->[:unityLibrary] AndroidManifest.xml:73:13-33
86        <meta-data
86-->[:unityLibrary] AndroidManifest.xml:74:9-76:40
87            android:name="com.google.ar.core"
87-->[:unityLibrary] AndroidManifest.xml:75:13-46
88            android:value="required" /> <!-- The minimal version code of ARCore APK required for an app using this SDK. -->
88-->[:unityLibrary] AndroidManifest.xml:76:13-37
89        <meta-data
89-->[:arcore_client:] AndroidManifest.xml:36:9-38:41
90            android:name="com.google.ar.core.min_apk_version"
90-->[:arcore_client:] AndroidManifest.xml:37:13-62
91            android:value="210910000" /> <!-- This activity is critical for installing ARCore when it is not already present. -->
91-->[:arcore_client:] AndroidManifest.xml:38:13-38
92        <activity
92-->[:arcore_client:] AndroidManifest.xml:40:9-46:80
93            android:name="com.google.ar.core.InstallActivity"
93-->[:arcore_client:] AndroidManifest.xml:41:13-62
94            android:configChanges="keyboardHidden|orientation|screenSize"
94-->[:arcore_client:] AndroidManifest.xml:42:13-74
95            android:excludeFromRecents="true"
95-->[:arcore_client:] AndroidManifest.xml:43:13-46
96            android:exported="false"
96-->[:arcore_client:] AndroidManifest.xml:44:13-37
97            android:launchMode="singleTop"
97-->[:arcore_client:] AndroidManifest.xml:45:13-43
98            android:theme="@android:style/Theme.Material.Light.Dialog.Alert" />
98-->[:arcore_client:] AndroidManifest.xml:46:13-77
99    </application>
100
101</manifest>